#
# A fatal error has been detected by the Java Runtime Environment:
#
#  EXCEPTION_ACCESS_VIOLATION (0xc0000005) at pc=0x00000000634fab4a, pid=3004, tid=0x00000000000029e8
#
# JRE version: Java(TM) SE Runtime Environment (8.0_161-b12) (build 1.8.0_161-b12)
# Java VM: Java HotSpot(TM) 64-Bit Server VM (25.161-b12 mixed mode windows-amd64 compressed oops)
# Problematic frame:
# C  [glass.dll+0x1ab4a]
#
# Failed to write core dump. Minidumps are not enabled by default on client versions of Windows
#
# If you would like to submit a bug report, please visit:
#   http://bugreport.java.com/bugreport/crash.jsp
# The crash happened outside the Java Virtual Machine in native code.
# See problematic frame for where to report the bug.
#

---------------  T H R E A D  ---------------

Current thread (0x000000001e43c800):  JavaThread "JavaFX Application Thread" [_thread_in_native, id=10728, stack(0x000000001f250000,0x000000001f350000)]

siginfo: ExceptionCode=0xc0000005, reading address 0x0000000000000130

Registers:
RAX=0x0000000000000000, RBX=0x000000001f34d450, RCX=0x0000000000000000, RDX=0x0000000000000000
RSP=0x000000001f34d110, RBP=0x0000000000000000, RSI=0x00000000031b6470, RDI=0x000000001f34d450
R8 =0x000000001f34d088, R9 =0x0000000000000000, R10=0x0000000000000000, R11=0x0000000000000246
R12=0x00000000007208d8, R13=0x0000000000000401, R14=0x0000000000000000, R15=0x0000000000000000
RIP=0x00000000634fab4a, EFLAGS=0x0000000000010202

Top of Stack: (sp=0x000000001f34d110)
0x000000001f34d110:   0000000000000578 000000001f34d101
0x000000001f34d120:   000000000018c08d 00000000635085c0
0x000000001f34d130:   000000001f34d450 00000000634facca
0x000000001f34d140:   000000001f34d450 00000000031b6470
0x000000001f34d150:   000000001f34d450 0000000000000401
0x000000001f34d160:   0000000000000401 00000000634ea4bc
0x000000001f34d170:   0000000000000000 000000001be3b701
0x000000001f34d180:   000000001e43c08d 00000000639b1d6d
0x000000001f34d190:   00000000007208d8 00000000634e1848
0x000000001f34d1a0:   000000001f34d450 00000000031b6470
0x000000001f34d1b0:   000000001f34d450 0000000000000401
0x000000001f34d1c0:   0000000000000000 00007ffdab2db85d
0x000000001f34d1d0:   0000000000000001 000000001f34d390
0x000000001f34d1e0:   0000000000000000 0000000080006011
0x000000001f34d1f0:   000000001f34d440 000000001e434c00
0x000000001f34d200:   00000000051cbb70 00000000051dcfc0 

Instructions: (pc=0x00000000634fab4a)
0x00000000634fab2a:   48 8b 5c 24 30 48 8b 6c 24 38 48 8b 74 24 40 48
0x00000000634fab3a:   83 c4 20 5f c3 cc 48 89 5c 24 08 57 48 83 ec 20
0x00000000634fab4a:   48 8b 81 30 01 00 00 48 8b f9 48 85 c0 75 04 48
0x00000000634fab5a:   8b 41 08 48 3b 05 c4 42 02 00 75 31 e8 45 4e 00 


Register to memory mapping:

RAX=0x0000000000000000 is an unknown value
RBX=0x000000001f34d450 is pointing into the stack for thread: 0x000000001e43c800
RCX=0x0000000000000000 is an unknown value
RDX=0x0000000000000000 is an unknown value
RSP=0x000000001f34d110 is pointing into the stack for thread: 0x000000001e43c800
RBP=0x0000000000000000 is an unknown value
RSI=0x00000000031b6470 is an unknown value
RDI=0x000000001f34d450 is pointing into the stack for thread: 0x000000001e43c800
R8 =0x000000001f34d088 is pointing into the stack for thread: 0x000000001e43c800
R9 =0x0000000000000000 is an unknown value
R10=0x0000000000000000 is an unknown value
R11=0x0000000000000246 is an unknown value
R12=0x00000000007208d8 is an unknown value
R13=0x0000000000000401 is an unknown value
R14=0x0000000000000000 is an unknown value
R15=0x0000000000000000 is an unknown value


Stack: [0x000000001f250000,0x000000001f350000],  sp=0x000000001f34d110,  free space=1012k
Native frames: (J=compiled Java code, j=interpreted, Vv=VM code, C=native code)

Java frames: (J=compiled Java code, j=interpreted, Vv=VM code)
j  com.sun.glass.ui.win.WinWindow._close(J)Z+0
j  com.sun.glass.ui.Window.close()V+63
j  com.sun.glass.ui.win.WinWindow.close()V+8
j  com.sun.glass.ui.Application.terminate()V+75
j  com.sun.javafx.tk.quantum.QuantumToolkit.lambda$exit$405()Ljava/lang/Object;+5
j  com.sun.javafx.tk.quantum.QuantumToolkit$$Lambda$339.get()Ljava/lang/Object;+0
j  com.sun.javafx.tk.quantum.QuantumToolkit.runWithRenderLock(Ljava/util/function/Supplier;)Ljava/lang/Object;+7
j  com.sun.javafx.tk.quantum.QuantumToolkit.exit()V+26
j  com.sun.javafx.application.PlatformImpl.lambda$tkExit$177()V+3
j  com.sun.javafx.application.PlatformImpl$$Lambda$338.run()V+0
j  com.sun.javafx.application.PlatformImpl.lambda$runAndWait$174(Ljava/lang/Runnable;Ljava/util/concurrent/CountDownLatch;)V+1
j  com.sun.javafx.application.PlatformImpl$$Lambda$47.run()V+8
j  com.sun.javafx.application.PlatformImpl.lambda$null$172(Ljava/lang/Runnable;)Ljava/lang/Void;+1
j  com.sun.javafx.application.PlatformImpl$$Lambda$49.run()Ljava/lang/Object;+4
v  ~StubRoutines::call_stub
J 3610  java.security.AccessController.doPrivileged(Ljava/security/PrivilegedAction;Ljava/security/AccessControlContext;)Ljava/lang/Object; (0 bytes) @ 0x0000000005dc7726 [0x0000000005dc76c0+0x66]
j  com.sun.javafx.application.PlatformImpl.lambda$runLater$173(Ljava/lang/Runnable;Ljava/security/AccessControlContext;)V+7
j  com.sun.javafx.application.PlatformImpl$$Lambda$48.run()V+8
J 4281 C1 com.sun.glass.ui.InvokeLaterDispatcher$Future.run()V (91 bytes) @ 0x000000000601e614 [0x000000000601e500+0x114]
v  ~StubRoutines::call_stub
j  com.sun.glass.ui.win.WinApplication._runLoop(Ljava/lang/Runnable;)V+0
j  com.sun.glass.ui.win.WinApplication.lambda$null$147(ILjava/lang/Runnable;)V+8
j  com.sun.glass.ui.win.WinApplication$$Lambda$37.run()V+12
j  java.lang.Thread.run()V+11
v  ~StubRoutines::call_stub

---------------  P R O C E S S  ---------------

Java Threads: ( => current thread )
  0x000000001e9a8800 JavaThread "Prism Font Disposer" daemon [_thread_blocked, id=5792, stack(0x00000000253e0000,0x00000000254e0000)]
  0x000000001e47b800 JavaThread "Abandoned connection cleanup thread" daemon [_thread_blocked, id=4608, stack(0x00000000215e0000,0x00000000216e0000)]
  0x000000001e49d800 JavaThread "Thread-3" daemon [_thread_in_native, id=5780, stack(0x00000000213e0000,0x00000000214e0000)]
  0x000000001e4ae800 JavaThread "JavaFX-Launcher" [_thread_blocked, id=6336, stack(0x00000000214e0000,0x00000000215e0000)]
=>0x000000001e43c800 JavaThread "JavaFX Application Thread" [_thread_in_native, id=10728, stack(0x000000001f250000,0x000000001f350000)]
  0x000000001e43b800 JavaThread "Thread-1" daemon [_thread_blocked, id=3984, stack(0x000000001f150000,0x000000001f250000)]
  0x000000001e3ce800 JavaThread "QuantumRenderer-0" daemon [_thread_blocked, id=4484, stack(0x000000001edb0000,0x000000001eeb0000)]
  0x000000001da86800 JavaThread "Service Thread" daemon [_thread_blocked, id=7172, stack(0x000000001e170000,0x000000001e270000)]
  0x000000001da6d800 JavaThread "C1 CompilerThread2" daemon [_thread_blocked, id=2416, stack(0x000000001e070000,0x000000001e170000)]
  0x000000001da39000 JavaThread "C2 CompilerThread1" daemon [_thread_blocked, id=13564, stack(0x000000001df70000,0x000000001e070000)]
  0x000000001da36000 JavaThread "C2 CompilerThread0" daemon [_thread_blocked, id=10820, stack(0x000000001de70000,0x000000001df70000)]
  0x000000001d9a9800 JavaThread "Monitor Ctrl-Break" daemon [_thread_in_native, id=7052, stack(0x000000001dd70000,0x000000001de70000)]
  0x000000001c2ea000 JavaThread "Attach Listener" daemon [_thread_blocked, id=6460, stack(0x000000001d870000,0x000000001d970000)]
  0x000000001c2f8800 JavaThread "Signal Dispatcher" daemon [_thread_blocked, id=13404, stack(0x000000001d770000,0x000000001d870000)]
  0x000000000527c000 JavaThread "Finalizer" daemon [_thread_blocked, id=1184, stack(0x000000001d550000,0x000000001d650000)]
  0x0000000005271800 JavaThread "Reference Handler" daemon [_thread_blocked, id=5648, stack(0x000000001d450000,0x000000001d550000)]
  0x0000000005182800 JavaThread "main" [_thread_blocked, id=7360, stack(0x0000000004ef0000,0x0000000004ff0000)]

Other Threads:
  0x000000001c2b7800 VMThread [stack: 0x000000001d350000,0x000000001d450000] [id=1464]
  0x000000001db10000 WatcherThread [stack: 0x000000001e270000,0x000000001e370000] [id=9624]

VM state:not at safepoint (normal execution)

VM Mutex/Monitor currently owned by a thread: None

Heap:
 PSYoungGen      total 57344K, used 20777K [0x0000000780a00000, 0x0000000785d80000, 0x00000007c0000000)
  eden space 49152K, 25% used [0x0000000780a00000,0x0000000781652660,0x0000000783a00000)
  from space 8192K, 99% used [0x0000000783a00000,0x00000007841f8020,0x0000000784200000)
  to   space 8192K, 0% used [0x0000000785580000,0x0000000785580000,0x0000000785d80000)
 ParOldGen       total 88064K, used 15340K [0x0000000701e00000, 0x0000000707400000, 0x0000000780a00000)
  object space 88064K, 17% used [0x0000000701e00000,0x0000000702cfb018,0x0000000707400000)
 Metaspace       used 24043K, capacity 25494K, committed 25600K, reserved 1071104K
  class space    used 3250K, capacity 3528K, committed 3584K, reserved 1048576K

Card table byte_map: [0x0000000014640000,0x0000000014c40000] byte_map_base: 0x0000000010e31000

Marking Bits: (ParMarkBitMap*) 0x000000006410f860
 Begin Bits: [0x0000000015440000, 0x00000000183c8000)
 End Bits:   [0x00000000183c8000, 0x000000001b350000)

Polling page: 0x00000000035c0000

CodeCache: size=245760Kb used=14128Kb max_used=14143Kb free=231631Kb
 bounds [0x0000000005280000, 0x0000000006060000, 0x0000000014280000]
 total_blobs=5049 nmethods=4313 adapters=648
 compilation: enabled

Compilation events (10 events):
Event: 21.445 Thread 0x000000001da6d800 nmethod 4333 0x000000000604b690 code [0x000000000604b800, 0x000000000604ba48]
Event: 21.445 Thread 0x000000001da6d800 4332       1       java.lang.StackTraceElement::getClassName (5 bytes)
Event: 21.445 Thread 0x000000001da6d800 nmethod 4332 0x000000000602e1d0 code [0x000000000602e320, 0x000000000602e430]
Event: 21.454 Thread 0x000000001da36000 nmethod 4323 0x000000000604f690 code [0x000000000604f840, 0x00000000060507a0]
Event: 21.454 Thread 0x000000001da36000 4330 %     4       sun.nio.cs.UTF_8$Encoder::encodeArrayLoop @ 73 (489 bytes)
Event: 21.456 Thread 0x000000001da39000 nmethod 4319 0x000000000604c850 code [0x000000000604ca00, 0x000000000604d9a0]
Event: 21.456 Thread 0x000000001da39000 4325       4       java.util.ArrayList$Itr::next (66 bytes)
Event: 21.457 Thread 0x000000001da39000 nmethod 4325 0x000000000604c490 code [0x000000000604c5e0, 0x000000000604c6f8]
Event: 21.457 Thread 0x000000001da6d800 4334       3       java.lang.invoke.LambdaForm$MH/1717159510::linkToTargetMethod (10 bytes)
Event: 21.457 Thread 0x000000001da6d800 nmethod 4334 0x000000000604bd50 code [0x000000000604bec0, 0x000000000604c3b8]

GC Heap History (8 events):
Event: 3.267 GC heap before
{Heap before GC invocations=1 (full 0):
 PSYoungGen      total 57344K, used 49152K [0x0000000780a00000, 0x0000000784a00000, 0x00000007c0000000)
  eden space 49152K, 100% used [0x0000000780a00000,0x0000000783a00000,0x0000000783a00000)
  from space 8192K, 0% used [0x0000000784200000,0x0000000784200000,0x0000000784a00000)
  to   space 8192K, 0% used [0x0000000783a00000,0x0000000783a00000,0x0000000784200000)
 ParOldGen       total 131072K, used 0K [0x0000000701e00000, 0x0000000709e00000, 0x0000000780a00000)
  object space 131072K, 0% used [0x0000000701e00000,0x0000000701e00000,0x0000000709e00000)
 Metaspace       used 16489K, capacity 16948K, committed 17152K, reserved 1064960K
  class space    used 2132K, capacity 2245K, committed 2304K, reserved 1048576K
Event: 3.284 GC heap after
Heap after GC invocations=1 (full 0):
 PSYoungGen      total 57344K, used 6721K [0x0000000780a00000, 0x0000000784a00000, 0x00000007c0000000)
  eden space 49152K, 0% used [0x0000000780a00000,0x0000000780a00000,0x0000000783a00000)
  from space 8192K, 82% used [0x0000000783a00000,0x00000007840904e8,0x0000000784200000)
  to   space 8192K, 0% used [0x0000000784200000,0x0000000784200000,0x0000000784a00000)
 ParOldGen       total 131072K, used 80K [0x0000000701e00000, 0x0000000709e00000, 0x0000000780a00000)
  object space 131072K, 0% used [0x0000000701e00000,0x0000000701e14010,0x0000000709e00000)
 Metaspace       used 16489K, capacity 16948K, committed 17152K, reserved 1064960K
  class space    used 2132K, capacity 2245K, committed 2304K, reserved 1048576K
}
Event: 4.629 GC heap before
{Heap before GC invocations=2 (full 0):
 PSYoungGen      total 57344K, used 29247K [0x0000000780a00000, 0x0000000784a00000, 0x00000007c0000000)
  eden space 49152K, 45% used [0x0000000780a00000,0x0000000781fff9d8,0x0000000783a00000)
  from space 8192K, 82% used [0x0000000783a00000,0x00000007840904e8,0x0000000784200000)
  to   space 8192K, 0% used [0x0000000784200000,0x0000000784200000,0x0000000784a00000)
 ParOldGen       total 131072K, used 80K [0x0000000701e00000, 0x0000000709e00000, 0x0000000780a00000)
  object space 131072K, 0% used [0x0000000701e00000,0x0000000701e14010,0x0000000709e00000)
 Metaspace       used 20157K, capacity 21152K, committed 21296K, reserved 1067008K
  class space    used 2785K, capacity 2969K, committed 3072K, reserved 1048576K
Event: 4.643 GC heap after
Heap after GC invocations=2 (full 0):
 PSYoungGen      total 57344K, used 7280K [0x0000000780a00000, 0x0000000784a00000, 0x00000007c0000000)
  eden space 49152K, 0% used [0x0000000780a00000,0x0000000780a00000,0x0000000783a00000)
  from space 8192K, 88% used [0x0000000784200000,0x000000078491c070,0x0000000784a00000)
  to   space 8192K, 0% used [0x0000000783a00000,0x0000000783a00000,0x0000000784200000)
 ParOldGen       total 131072K, used 88K [0x0000000701e00000, 0x0000000709e00000, 0x0000000780a00000)
  object space 131072K, 0% used [0x0000000701e00000,0x0000000701e16010,0x0000000709e00000)
 Metaspace       used 20157K, capacity 21152K, committed 21296K, reserved 1067008K
  class space    used 2785K, capacity 2969K, committed 3072K, reserved 1048576K
}
Event: 4.643 GC heap before
{Heap before GC invocations=3 (full 1):
 PSYoungGen      total 57344K, used 7280K [0x0000000780a00000, 0x0000000784a00000, 0x00000007c0000000)
  eden space 49152K, 0% used [0x0000000780a00000,0x0000000780a00000,0x0000000783a00000)
  from space 8192K, 88% used [0x0000000784200000,0x000000078491c070,0x0000000784a00000)
  to   space 8192K, 0% used [0x0000000783a00000,0x0000000783a00000,0x0000000784200000)
 ParOldGen       total 131072K, used 88K [0x0000000701e00000, 0x0000000709e00000, 0x0000000780a00000)
  object space 131072K, 0% used [0x0000000701e00000,0x0000000701e16010,0x0000000709e00000)
 Metaspace       used 20157K, capacity 21152K, committed 21296K, reserved 1067008K
  class space    used 2785K, capacity 2969K, committed 3072K, reserved 1048576K
Event: 4.701 GC heap after
Heap after GC invocations=3 (full 1):
 PSYoungGen      total 57344K, used 0K [0x0000000780a00000, 0x0000000784a00000, 0x00000007c0000000)
  eden space 49152K, 0% used [0x0000000780a00000,0x0000000780a00000,0x0000000783a00000)
  from space 8192K, 0% used [0x0000000784200000,0x0000000784200000,0x0000000784a00000)
  to   space 8192K, 0% used [0x0000000783a00000,0x0000000783a00000,0x0000000784200000)
 ParOldGen       total 88064K, used 7253K [0x0000000701e00000, 0x0000000707400000, 0x0000000780a00000)
  object space 88064K, 8% used [0x0000000701e00000,0x0000000702515588,0x0000000707400000)
 Metaspace       used 20157K, capacity 21152K, committed 21296K, reserved 1067008K
  class space    used 2785K, capacity 2969K, committed 3072K, reserved 1048576K
}
Event: 7.503 GC heap before
{Heap before GC invocations=4 (full 1):
 PSYoungGen      total 57344K, used 49152K [0x0000000780a00000, 0x0000000784a00000, 0x00000007c0000000)
  eden space 49152K, 100% used [0x0000000780a00000,0x0000000783a00000,0x0000000783a00000)
  from space 8192K, 0% used [0x0000000784200000,0x0000000784200000,0x0000000784a00000)
  to   space 8192K, 0% used [0x0000000783a00000,0x0000000783a00000,0x0000000784200000)
 ParOldGen       total 88064K, used 7253K [0x0000000701e00000, 0x0000000707400000, 0x0000000780a00000)
  object space 88064K, 8% used [0x0000000701e00000,0x0000000702515588,0x0000000707400000)
 Metaspace       used 23359K, capacity 24720K, committed 24960K, reserved 1071104K
  class space    used 3157K, capacity 3419K, committed 3456K, reserved 1048576K
Event: 7.532 GC heap after
Heap after GC invocations=4 (full 1):
 PSYoungGen      total 57344K, used 8160K [0x0000000780a00000, 0x0000000785d80000, 0x00000007c0000000)
  eden space 49152K, 0% used [0x0000000780a00000,0x0000000780a00000,0x0000000783a00000)
  from space 8192K, 99% used [0x0000000783a00000,0x00000007841f8020,0x0000000784200000)
  to   space 8192K, 0% used [0x0000000785580000,0x0000000785580000,0x0000000785d80000)
 ParOldGen       total 88064K, used 15340K [0x0000000701e00000, 0x0000000707400000, 0x0000000780a00000)
  object space 88064K, 17% used [0x0000000701e00000,0x0000000702cfb018,0x0000000707400000)
 Metaspace       used 23359K, capacity 24720K, committed 24960K, reserved 1071104K
  class space    used 3157K, capacity 3419K, committed 3456K, reserved 1048576K
}

Deoptimization events (10 events):
Event: 7.468 Thread 0x000000001e43c800 Uncommon trap: reason=unstable_if action=reinterpret pc=0x0000000005be3fb4 method=javafx.scene.Node.transformedBoundsChanged()V @ 4
Event: 7.475 Thread 0x000000001e43c800 Uncommon trap: reason=unstable_if action=reinterpret pc=0x00000000058af5a8 method=jdk.internal.org.objectweb.asm.Type.getArgumentsAndReturnSizes(Ljava/lang/String;)I @ 47
Event: 8.117 Thread 0x000000001e43c800 Uncommon trap: reason=unstable_if action=reinterpret pc=0x0000000005a72fe0 method=javafx.scene.CssStyleHelper.lookup(Ljavafx/css/Styleable;Ljavafx/css/CssMetaData;Lcom/sun/javafx/css/StyleMap;Ljava/util/Set;Ljavafx/css/Styleable;Lcom/sun/javafx/css/Calcul
Event: 8.142 Thread 0x000000001e43c800 Uncommon trap: reason=unstable_if action=reinterpret pc=0x0000000005e45fc0 method=javafx.scene.CssStyleHelper.lookupInheritedFontProperty(Ljavafx/css/Styleable;Ljava/lang/String;Lcom/sun/javafx/css/StyleMap;ILcom/sun/javafx/css/CascadingStyle;)Lcom/sun/ja
Event: 8.142 Thread 0x000000001e43c800 Uncommon trap: reason=unstable_if action=reinterpret pc=0x0000000005adf2e8 method=javafx.scene.CssStyleHelper.resolveRef(Ljavafx/css/Styleable;Ljava/lang/String;Lcom/sun/javafx/css/StyleMap;Ljava/util/Set;)Lcom/sun/javafx/css/CascadingStyle; @ 66
Event: 8.162 Thread 0x000000001e43c800 Uncommon trap: reason=class_check action=maybe_recompile pc=0x0000000005e8684c method=javafx.scene.Node.updateLocalToParentTransform()V @ 11
Event: 8.162 Thread 0x000000001e43c800 Uncommon trap: reason=class_check action=maybe_recompile pc=0x0000000005e8684c method=javafx.scene.Node.updateLocalToParentTransform()V @ 11
Event: 8.164 Thread 0x000000001e43c800 Uncommon trap: reason=class_check action=maybe_recompile pc=0x0000000005e8684c method=javafx.scene.Node.updateLocalToParentTransform()V @ 11
Event: 8.165 Thread 0x000000001e43c800 Uncommon trap: reason=class_check action=maybe_recompile pc=0x0000000005e8684c method=javafx.scene.Node.updateLocalToParentTransform()V @ 11
Event: 18.034 Thread 0x000000001e43c800 Uncommon trap: reason=unstable_if action=reinterpret pc=0x0000000005f64394 method=javafx.scene.Node.impl_intersectsBounds(Lcom/sun/javafx/geom/PickRay;)D @ 902

Classes redefined (0 events):
No events

Internal exceptions (10 events):
Event: 2.863 Thread 0x000000001e43c800 Exception <a 'java/lang/ArrayIndexOutOfBoundsException'> (0x00000007835dc158) thrown at [C:\re\workspace\8-2-build-windows-amd64-cygwin\jdk8u161\10277\hotspot\src\share\vm\runtime\sharedRuntime.cpp, line 605]
Event: 2.955 Thread 0x000000001e43c800 Exception <a 'java/lang/ArrayIndexOutOfBoundsException'> (0x00000007836318e0) thrown at [C:\re\workspace\8-2-build-windows-amd64-cygwin\jdk8u161\10277\hotspot\src\share\vm\runtime\sharedRuntime.cpp, line 605]
Event: 3.217 Thread 0x000000001e43c800 Exception <a 'java/lang/ArrayIndexOutOfBoundsException'> (0x00000007838a8e80) thrown at [C:\re\workspace\8-2-build-windows-amd64-cygwin\jdk8u161\10277\hotspot\src\share\vm\runtime\sharedRuntime.cpp, line 605]
Event: 3.305 Thread 0x000000001e43c800 Exception <a 'java/lang/ArrayIndexOutOfBoundsException'> (0x0000000780a95678) thrown at [C:\re\workspace\8-2-build-windows-amd64-cygwin\jdk8u161\10277\hotspot\src\share\vm\runtime\sharedRuntime.cpp, line 605]
Event: 3.316 Thread 0x000000001e43c800 Exception <a 'java/lang/ArrayIndexOutOfBoundsException'> (0x0000000780b836a0) thrown at [C:\re\workspace\8-2-build-windows-amd64-cygwin\jdk8u161\10277\hotspot\src\share\vm\runtime\sharedRuntime.cpp, line 605]
Event: 4.832 Thread 0x000000001e43c800 Implicit null exception at 0x00000000059b0365 to 0x00000000059b09e1
Event: 4.881 Thread 0x000000001e43c800 Implicit null exception at 0x0000000005997bf1 to 0x0000000005998181
Event: 8.169 Thread 0x000000001e43c800 Exception <a 'java/lang/IllegalArgumentException': argument type mismatch> (0x0000000780f56e28) thrown at [C:\re\workspace\8-2-build-windows-amd64-cygwin\jdk8u161\10277\hotspot\src\share\vm\runtime\reflection.cpp, line 1064]
Event: 8.169 Thread 0x000000001e43c800 Exception <a 'java/lang/IllegalArgumentException'> (0x0000000780f56e28) thrown at [C:\re\workspace\8-2-build-windows-amd64-cygwin\jdk8u161\10277\hotspot\src\share\vm\prims\jvm.cpp, line 1394]
Event: 21.422 Thread 0x000000001e43c800 Exception <a 'java/lang/NullPointerException'> (0x00000007814eabc8) thrown at [C:\re\workspace\8-2-build-windows-amd64-cygwin\jdk8u161\10277\hotspot\src\share\vm\prims\jvm.cpp, line 1394]

Events (10 events):
Event: 21.439 Thread 0x000000001e43c800 DEOPT PACKING pc=0x0000000005ec6c22 sp=0x000000001f34ad40
Event: 21.439 Thread 0x000000001e43c800 DEOPT UNPACKING pc=0x00000000052c7890 sp=0x000000001f34ab48 mode 0
Event: 21.439 Thread 0x000000001e43c800 DEOPT PACKING pc=0x0000000005ec6c22 sp=0x000000001f34ad40
Event: 21.439 Thread 0x000000001e43c800 DEOPT UNPACKING pc=0x00000000052c7890 sp=0x000000001f34ab48 mode 0
Event: 21.440 Thread 0x000000001e43c800 DEOPT PACKING pc=0x0000000005ec6c22 sp=0x000000001f34ad40
Event: 21.440 Thread 0x000000001e43c800 DEOPT UNPACKING pc=0x00000000052c7890 sp=0x000000001f34ab48 mode 0
Event: 21.456 loading class javafx/application/Application
Event: 21.456 loading class javafx/application/Application done
Event: 21.456 loading class javafx/application/Application
Event: 21.456 loading class javafx/application/Application done


Dynamic libraries:
0x00007ff6072c0000 - 0x00007ff6072f7000 	C:\Program Files\Java\jdk1.8.0_161\bin\java.exe
0x00007ffdad950000 - 0x00007ffdadb30000 	C:\WINDOWS\SYSTEM32\ntdll.dll
0x00007ffdaae20000 - 0x00007ffdaaece000 	C:\WINDOWS\System32\KERNEL32.DLL
0x00007ffdaa860000 - 0x00007ffdaaac6000 	C:\WINDOWS\System32\KERNELBASE.dll
0x00007ffdab5c0000 - 0x00007ffdab661000 	C:\WINDOWS\System32\ADVAPI32.dll
0x00007ffdad880000 - 0x00007ffdad91d000 	C:\WINDOWS\System32\msvcrt.dll
0x00007ffdac070000 - 0x00007ffdac0cb000 	C:\WINDOWS\System32\sechost.dll
0x00007ffdab8b0000 - 0x00007ffdab9cf000 	C:\WINDOWS\System32\RPCRT4.dll
0x00007ffdab2d0000 - 0x00007ffdab45f000 	C:\WINDOWS\System32\USER32.dll
0x00007ffdaae00000 - 0x00007ffdaae20000 	C:\WINDOWS\System32\win32u.dll
0x00007ffdab2a0000 - 0x00007ffdab2c8000 	C:\WINDOWS\System32\GDI32.dll
0x00007ffda9ed0000 - 0x00007ffdaa063000 	C:\WINDOWS\System32\gdi32full.dll
0x00007ffdaa7c0000 - 0x00007ffdaa85b000 	C:\WINDOWS\System32\msvcp_win.dll
0x00007ffda9dd0000 - 0x00007ffda9ec6000 	C:\WINDOWS\System32\ucrtbase.dll
0x00007ffda06d0000 - 0x00007ffda0939000 	C:\WINDOWS\WinSxS\amd64_microsoft.windows.common-controls_6595b64144ccf1df_6.0.16299.309_none_15cfd4c4935e6b11\COMCTL32.dll
0x00007ffdad570000 - 0x00007ffdad878000 	C:\WINDOWS\System32\combase.dll
0x00007ffda9d50000 - 0x00007ffda9dc2000 	C:\WINDOWS\System32\bcryptPrimitives.dll
0x00007ffdab530000 - 0x00007ffdab55d000 	C:\WINDOWS\System32\IMM32.DLL
0x0000000064190000 - 0x0000000064262000 	C:\Program Files\Java\jdk1.8.0_161\jre\bin\msvcr100.dll
0x00000000638f0000 - 0x000000006418f000 	C:\Program Files\Java\jdk1.8.0_161\jre\bin\server\jvm.dll
0x00007ffdab800000 - 0x00007ffdab808000 	C:\WINDOWS\System32\PSAPI.DLL
0x00007ffda8130000 - 0x00007ffda8139000 	C:\WINDOWS\SYSTEM32\WSOCK32.dll
0x00007ffdab790000 - 0x00007ffdab7fc000 	C:\WINDOWS\System32\WS2_32.dll
0x00007ffda7f50000 - 0x00007ffda7f73000 	C:\WINDOWS\SYSTEM32\WINMM.dll
0x00007ffda0ce0000 - 0x00007ffda0cea000 	C:\WINDOWS\SYSTEM32\VERSION.dll
0x00007ffda7ef0000 - 0x00007ffda7f1a000 	C:\WINDOWS\SYSTEM32\WINMMBASE.dll
0x00007ffdaadb0000 - 0x00007ffdaadfa000 	C:\WINDOWS\System32\cfgmgr32.dll
0x00000000653e0000 - 0x00000000653ef000 	C:\Program Files\Java\jdk1.8.0_161\jre\bin\verify.dll
0x00000000653b0000 - 0x00000000653d9000 	C:\Program Files\Java\jdk1.8.0_161\jre\bin\java.dll
0x0000000063560000 - 0x0000000063583000 	C:\Program Files\Java\jdk1.8.0_161\jre\bin\instrument.dll
0x0000000065390000 - 0x00000000653a6000 	C:\Program Files\Java\jdk1.8.0_161\jre\bin\zip.dll
0x00007ffdac130000 - 0x00007ffdad566000 	C:\WINDOWS\System32\SHELL32.dll
0x00007ffdaaed0000 - 0x00007ffdaaf76000 	C:\WINDOWS\System32\shcore.dll
0x00007ffdaa070000 - 0x00007ffdaa7b7000 	C:\WINDOWS\System32\windows.storage.dll
0x00007ffdabb40000 - 0x00007ffdabb91000 	C:\WINDOWS\System32\shlwapi.dll
0x00007ffda9cf0000 - 0x00007ffda9d01000 	C:\WINDOWS\System32\kernel.appcore.dll
0x00007ffda9ca0000 - 0x00007ffda9cec000 	C:\WINDOWS\System32\powrprof.dll
0x00007ffda9d10000 - 0x00007ffda9d2b000 	C:\WINDOWS\System32\profapi.dll
0x00007ffda0530000 - 0x00007ffda054a000 	C:\Program Files\JetBrains\IntelliJ IDEA 2017.2.5\bin\breakgen64.dll
0x00000000638d0000 - 0x00000000638ea000 	C:\Program Files\Java\jdk1.8.0_161\jre\bin\net.dll
0x00007ffda94d0000 - 0x00007ffda9536000 	C:\WINDOWS\system32\mswsock.dll
0x0000000004e20000 - 0x0000000004e23000 	C:\Program Files\Java\jdk1.8.0_161\jre\bin\api-ms-win-core-console-l1-1-0.dll
0x0000000004e30000 - 0x0000000004e33000 	C:\Program Files\Java\jdk1.8.0_161\jre\bin\api-ms-win-core-datetime-l1-1-0.dll
0x0000000004e40000 - 0x0000000004e43000 	C:\Program Files\Java\jdk1.8.0_161\jre\bin\api-ms-win-core-debug-l1-1-0.dll
0x0000000004e50000 - 0x0000000004e53000 	C:\Program Files\Java\jdk1.8.0_161\jre\bin\api-ms-win-core-errorhandling-l1-1-0.dll
0x0000000004e60000 - 0x0000000004e64000 	C:\Program Files\Java\jdk1.8.0_161\jre\bin\api-ms-win-core-file-l1-1-0.dll
0x0000000004e70000 - 0x0000000004e73000 	C:\Program Files\Java\jdk1.8.0_161\jre\bin\api-ms-win-core-file-l1-2-0.dll
0x0000000004e80000 - 0x0000000004e83000 	C:\Program Files\Java\jdk1.8.0_161\jre\bin\api-ms-win-core-file-l2-1-0.dll
0x0000000004e90000 - 0x0000000004e93000 	C:\Program Files\Java\jdk1.8.0_161\jre\bin\api-ms-win-core-handle-l1-1-0.dll
0x0000000004ea0000 - 0x0000000004ea3000 	C:\Program Files\Java\jdk1.8.0_161\jre\bin\api-ms-win-core-heap-l1-1-0.dll
0x0000000004eb0000 - 0x0000000004eb3000 	C:\Program Files\Java\jdk1.8.0_161\jre\bin\api-ms-win-core-interlocked-l1-1-0.dll
0x0000000004ec0000 - 0x0000000004ec3000 	C:\Program Files\Java\jdk1.8.0_161\jre\bin\api-ms-win-core-libraryloader-l1-1-0.dll
0x0000000004ed0000 - 0x0000000004ed3000 	C:\Program Files\Java\jdk1.8.0_161\jre\bin\api-ms-win-core-localization-l1-2-0.dll
0x00000000050f0000 - 0x00000000050f3000 	C:\Program Files\Java\jdk1.8.0_161\jre\bin\api-ms-win-core-memory-l1-1-0.dll
0x0000000005100000 - 0x0000000005103000 	C:\Program Files\Java\jdk1.8.0_161\jre\bin\api-ms-win-core-namedpipe-l1-1-0.dll
0x0000000005110000 - 0x0000000005113000 	C:\Program Files\Java\jdk1.8.0_161\jre\bin\api-ms-win-core-processenvironment-l1-1-0.dll
0x0000000005120000 - 0x0000000005123000 	C:\Program Files\Java\jdk1.8.0_161\jre\bin\api-ms-win-core-processthreads-l1-1-0.dll
0x0000000005130000 - 0x0000000005133000 	C:\Program Files\Java\jdk1.8.0_161\jre\bin\api-ms-win-core-processthreads-l1-1-1.dll
0x0000000005140000 - 0x0000000005143000 	C:\Program Files\Java\jdk1.8.0_161\jre\bin\api-ms-win-core-profile-l1-1-0.dll
0x0000000005150000 - 0x0000000005153000 	C:\Program Files\Java\jdk1.8.0_161\jre\bin\api-ms-win-core-rtlsupport-l1-1-0.dll
0x0000000005160000 - 0x0000000005163000 	C:\Program Files\Java\jdk1.8.0_161\jre\bin\api-ms-win-core-string-l1-1-0.dll
0x000000001eb70000 - 0x000000001eb73000 	C:\Program Files\Java\jdk1.8.0_161\jre\bin\api-ms-win-core-synch-l1-1-0.dll
0x000000001eb80000 - 0x000000001eb83000 	C:\Program Files\Java\jdk1.8.0_161\jre\bin\api-ms-win-core-synch-l1-2-0.dll
0x000000001eb90000 - 0x000000001eb93000 	C:\Program Files\Java\jdk1.8.0_161\jre\bin\api-ms-win-core-sysinfo-l1-1-0.dll
0x000000001eba0000 - 0x000000001eba3000 	C:\Program Files\Java\jdk1.8.0_161\jre\bin\api-ms-win-core-timezone-l1-1-0.dll
0x000000001ebb0000 - 0x000000001ebb3000 	C:\Program Files\Java\jdk1.8.0_161\jre\bin\api-ms-win-core-util-l1-1-0.dll
0x000000001ebc0000 - 0x000000001ebc3000 	C:\Program Files\Java\jdk1.8.0_161\jre\bin\api-ms-win-crt-conio-l1-1-0.dll
0x000000001ebd0000 - 0x000000001ebd4000 	C:\Program Files\Java\jdk1.8.0_161\jre\bin\api-ms-win-crt-convert-l1-1-0.dll
0x000000001ebe0000 - 0x000000001ebe3000 	C:\Program Files\Java\jdk1.8.0_161\jre\bin\api-ms-win-crt-environment-l1-1-0.dll
0x000000001ebf0000 - 0x000000001ebf3000 	C:\Program Files\Java\jdk1.8.0_161\jre\bin\api-ms-win-crt-filesystem-l1-1-0.dll
0x000000001ec00000 - 0x000000001ec03000 	C:\Program Files\Java\jdk1.8.0_161\jre\bin\api-ms-win-crt-heap-l1-1-0.dll
0x000000001ec10000 - 0x000000001ec13000 	C:\Program Files\Java\jdk1.8.0_161\jre\bin\api-ms-win-crt-locale-l1-1-0.dll
0x000000001ec20000 - 0x000000001ec25000 	C:\Program Files\Java\jdk1.8.0_161\jre\bin\api-ms-win-crt-math-l1-1-0.dll
0x000000001ec30000 - 0x000000001ec35000 	C:\Program Files\Java\jdk1.8.0_161\jre\bin\api-ms-win-crt-multibyte-l1-1-0.dll
0x000000001ec40000 - 0x000000001ec50000 	C:\Program Files\Java\jdk1.8.0_161\jre\bin\api-ms-win-crt-private-l1-1-0.dll
0x000000001ec50000 - 0x000000001ec53000 	C:\Program Files\Java\jdk1.8.0_161\jre\bin\api-ms-win-crt-process-l1-1-0.dll
0x000000001ec60000 - 0x000000001ec64000 	C:\Program Files\Java\jdk1.8.0_161\jre\bin\api-ms-win-crt-runtime-l1-1-0.dll
0x000000001ec70000 - 0x000000001ec74000 	C:\Program Files\Java\jdk1.8.0_161\jre\bin\api-ms-win-crt-stdio-l1-1-0.dll
0x000000001ec80000 - 0x000000001ec84000 	C:\Program Files\Java\jdk1.8.0_161\jre\bin\api-ms-win-crt-string-l1-1-0.dll
0x000000001ec90000 - 0x000000001ec93000 	C:\Program Files\Java\jdk1.8.0_161\jre\bin\api-ms-win-crt-time-l1-1-0.dll
0x000000001eca0000 - 0x000000001eca3000 	C:\Program Files\Java\jdk1.8.0_161\jre\bin\api-ms-win-crt-utility-l1-1-0.dll
0x00007ffd71a60000 - 0x00007ffd71b56000 	C:\Program Files\Java\jdk1.8.0_161\jre\bin\ucrtbase.dll
0x00007ffd71a00000 - 0x00007ffd71a51000 	C:\Program Files\Java\jdk1.8.0_161\jre\bin\concrt140.dll
0x00007ffd9b6f0000 - 0x00007ffd9b706000 	C:\WINDOWS\SYSTEM32\VCRUNTIME140.dll
0x00007ffd8c5d0000 - 0x00007ffd8c67a000 	C:\WINDOWS\SYSTEM32\MSVCP140.dll
0x00007ffd99110000 - 0x00007ffd99126000 	C:\Program Files\Java\jdk1.8.0_161\jre\bin\vcruntime140.dll
0x00007ffd71960000 - 0x00007ffd719fc000 	C:\Program Files\Java\jdk1.8.0_161\jre\bin\msvcp140.dll
0x0000000063530000 - 0x0000000063553000 	C:\Program Files\Java\jdk1.8.0_161\jre\bin\prism_d3d.dll
0x00007ffd82a40000 - 0x00007ffd82bd5000 	C:\WINDOWS\system32\d3d9.dll
0x00007ffda8540000 - 0x00007ffda856a000 	C:\WINDOWS\SYSTEM32\dwmapi.dll
0x00007ffda8470000 - 0x00007ffda8505000 	C:\WINDOWS\system32\uxtheme.dll
0x00007ffd51370000 - 0x00007ffd51dde000 	C:\WINDOWS\SYSTEM32\igdumdim64.dll
0x00007ffd99af0000 - 0x00007ffd99f54000 	C:\WINDOWS\SYSTEM32\igdusc64.dll
0x00000000634e0000 - 0x0000000063529000 	C:\Program Files\Java\jdk1.8.0_161\jre\bin\glass.dll
0x00007ffdab670000 - 0x00007ffdab77a000 	C:\WINDOWS\System32\COMDLG32.dll
0x00007ffdaaf90000 - 0x00007ffdab0d9000 	C:\WINDOWS\System32\ole32.dll
0x00007ffdab460000 - 0x00007ffdab525000 	C:\WINDOWS\System32\OLEAUT32.dll
0x00007ffdab9d0000 - 0x00007ffdabb37000 	C:\WINDOWS\System32\MSCTF.dll
0x00007ffda92a0000 - 0x00007ffda9356000 	C:\WINDOWS\SYSTEM32\DNSAPI.dll
0x00007ffdaaf80000 - 0x00007ffdaaf88000 	C:\WINDOWS\System32\NSI.dll
0x00007ffda9260000 - 0x00007ffda9299000 	C:\WINDOWS\SYSTEM32\IPHLPAPI.DLL
0x00007ffda21f0000 - 0x00007ffda21fa000 	C:\Windows\System32\rasadhlp.dll
0x00007ffda2760000 - 0x00007ffda27d0000 	C:\WINDOWS\System32\fwpuclnt.dll
0x00007ffda97a0000 - 0x00007ffda97c5000 	C:\WINDOWS\SYSTEM32\bcrypt.dll
0x00000000634c0000 - 0x00000000634d4000 	C:\Program Files\Java\jdk1.8.0_161\jre\bin\javafx_font.dll
0x00007ffd8f2f0000 - 0x00007ffd8f5ff000 	C:\WINDOWS\SYSTEM32\dwrite.dll
0x00007ffdab810000 - 0x00007ffdab8ae000 	C:\WINDOWS\System32\clbcatq.dll
0x00007ffd9c6f0000 - 0x00007ffd9c89b000 	C:\WINDOWS\SYSTEM32\WindowsCodecs.dll
0x00007ffd96690000 - 0x00007ffd966df000 	C:\WINDOWS\system32\dataexchange.dll
0x00007ffda7110000 - 0x00007ffda73f2000 	C:\WINDOWS\system32\d3d11.dll
0x00007ffda7aa0000 - 0x00007ffda7be2000 	C:\WINDOWS\system32\dcomp.dll
0x00007ffda8b00000 - 0x00007ffda8baf000 	C:\WINDOWS\system32\dxgi.dll
0x00007ffda86c0000 - 0x00007ffda883b000 	C:\WINDOWS\system32\twinapi.appcore.dll
0x00007ffda8660000 - 0x00007ffda8680000 	C:\WINDOWS\system32\RMCLIENT.dll
0x00007ffd83a20000 - 0x00007ffd83a54000 	C:\Program Files\Common Files\Microsoft Shared\Ink\rtscom.dll
0x00007ffd97ec0000 - 0x00007ffd97f58000 	C:\WINDOWS\System32\TextInputFramework.dll
0x00007ffd9bad0000 - 0x00007ffd9bdbe000 	C:\WINDOWS\System32\CoreUIComponents.dll
0x00007ffda79c0000 - 0x00007ffda7a9c000 	C:\WINDOWS\System32\CoreMessaging.dll
0x00007ffda8dd0000 - 0x00007ffda8e01000 	C:\WINDOWS\SYSTEM32\ntmarta.dll
0x00007ffda5ef0000 - 0x00007ffda6026000 	C:\WINDOWS\SYSTEM32\wintypes.dll
0x00000000634a0000 - 0x00000000634b2000 	C:\Program Files\Java\jdk1.8.0_161\jre\bin\prism_common.dll
0x00007ffda0350000 - 0x00007ffda0518000 	C:\WINDOWS\SYSTEM32\dbghelp.dll

VM Arguments:
jvm_args: -javaagent:C:\Program Files\JetBrains\IntelliJ IDEA 2017.2.5\lib\idea_rt.jar=56721:C:\Program Files\JetBrains\IntelliJ IDEA 2017.2.5\bin -Dfile.encoding=UTF-8 
java_command: dhbw.Main
java_class_path (initial): C:\Program Files\Java\jdk1.8.0_161\jre\lib\charsets.jar;C:\Program Files\Java\jdk1.8.0_161\jre\lib\deploy.jar;C:\Program Files\Java\jdk1.8.0_161\jre\lib\ext\access-bridge-64.jar;C:\Program Files\Java\jdk1.8.0_161\jre\lib\ext\cldrdata.jar;C:\Program Files\Java\jdk1.8.0_161\jre\lib\ext\dnsns.jar;C:\Program Files\Java\jdk1.8.0_161\jre\lib\ext\jaccess.jar;C:\Program Files\Java\jdk1.8.0_161\jre\lib\ext\jfxrt.jar;C:\Program Files\Java\jdk1.8.0_161\jre\lib\ext\localedata.jar;C:\Program Files\Java\jdk1.8.0_161\jre\lib\ext\nashorn.jar;C:\Program Files\Java\jdk1.8.0_161\jre\lib\ext\sunec.jar;C:\Program Files\Java\jdk1.8.0_161\jre\lib\ext\sunjce_provider.jar;C:\Program Files\Java\jdk1.8.0_161\jre\lib\ext\sunmscapi.jar;C:\Program Files\Java\jdk1.8.0_161\jre\lib\ext\sunpkcs11.jar;C:\Program Files\Java\jdk1.8.0_161\jre\lib\ext\zipfs.jar;C:\Program Files\Java\jdk1.8.0_161\jre\lib\javaws.jar;C:\Program Files\Java\jdk1.8.0_161\jre\lib\jce.jar;C:\Program Files\Java\jdk1.8.0_161\jre\lib\jfr.jar;C:\Program Files\Java\jdk1.8.0_161\jre\lib\jfxswt.jar;C:\Program Files\Java\jdk1.8.0_161\jre\lib\jsse.jar;C:\Program Files\Java\jdk1.8.0_161\jre\lib\management-agent.jar;C:\Program Files\Java\jdk1.8.0_161\jre\lib\plugin.jar;C:\Program Files\Java\jdk1.8.0_161\jre\lib\resources.jar;C:\Program Files\Java\jdk1.8.0_161\jre\lib\rt.jar;C:\Users\marvi\workspace\kassensystem_managerApplication\out\production\kassensystem_managerApplication;C:\Users\marvi\workspace\kassensystem_database\DatabaseSystem\out\artifacts\kassensystem_rest_jar\kassensystem_rest.jar;C:\Program Files\JetBrains\IntelliJ IDEA 2017.2.5\lib\idea_rt.jar
Launcher Type: SUN_STANDARD

Environment Variables:
PATH=C:\ProgramData\Oracle\Java\javapath;C:\WINDOWS\system32;C:\WINDOWS;C:\WINDOWS\System32\Wbem;C:\WINDOWS\System32\WindowsPowerShell\v1.0\;C:\Program Files (x86)\Windows Live\Shared;C:\Program Files\Git\cmd;C:\Program Files\Calibre2\;C:\Program Files (x86)\Skype\Phone\;C:\Program Files\MySQL\MySQL Utilities 1.6\;C:\Program Files\MATLAB\R2017b\bin;C:\Program Files (x86)\Michael R Sweet\HTMLDOC\;C:\Program Files (x86)\NVIDIA Corporation\PhysX\Common;C:\Users\marvi\AppData\Local\Microsoft\WindowsApps;C:\Users\marvi\AppData\Local\GitHubDesktop\bin;c:\program files\Modeltech_pe_edu_10.4a\win32pe_edu;%USERPROFILE%\AppData\Local\Microsoft\WindowsApps;
USERNAME=marvi
OS=Windows_NT
PROCESSOR_IDENTIFIER=Intel64 Family 6 Model 58 Stepping 9, GenuineIntel



---------------  S Y S T E M  ---------------

OS: Windows 10.0 , 64 bit Build 16299 (10.0.16299.15)

CPU:total 4 (initial active 4) (2 cores per cpu, 2 threads per core) family 6 model 58 stepping 9, cmov, cx8, fxsr, mmx, sse, sse2, sse3, ssse3, sse4.1, sse4.2, popcnt, avx, aes, clmul, erms, ht, tsc, tscinvbit, tscinv

Memory: 4k page, physical 12455192k(4620636k free), swap 14355736k(3301424k free)

vm_info: Java HotSpot(TM) 64-Bit Server VM (25.161-b12) for windows-amd64 JRE (1.8.0_161-b12), built on Dec 19 2017 17:52:25 by "java_re" with MS VC++ 10.0 (VS2010)

time: Sat Mar 17 21:44:10 2018
elapsed time: 21 seconds (0d 0h 0m 21s)

