#
# A fatal error has been detected by the Java Runtime Environment:
#
#  EXCEPTION_ACCESS_VIOLATION (0xc0000005) at pc=0x00000000634fab4a, pid=3276, tid=0x00000000000030f8
#
# JRE version: Java(TM) SE Runtime Environment (8.0_161-b12) (build 1.8.0_161-b12)
# Java VM: Java HotSpot(TM) 64-Bit Server VM (25.161-b12 mixed mode windows-amd64 compressed oops)
# Problematic frame:
# C  [glass.dll+0x1ab4a]
#
# Failed to write core dump. Minidumps are not enabled by default on client versions of Windows
#
# If you would like to submit a bug report, please visit:
#   http://bugreport.java.com/bugreport/crash.jsp
# The crash happened outside the Java Virtual Machine in native code.
# See problematic frame for where to report the bug.
#

---------------  T H R E A D  ---------------

Current thread (0x000000001d3a5800):  JavaThread "JavaFX Application Thread" [_thread_in_native, id=12536, stack(0x000000001e800000,0x000000001e900000)]

siginfo: ExceptionCode=0xc0000005, reading address 0x0000000000000130

Registers:
RAX=0x0000000000000000, RBX=0x000000001e8fd620, RCX=0x0000000000000000, RDX=0x0000000000000000
RSP=0x000000001e8fd2e0, RBP=0x0000000000000000, RSI=0x00000000028d3c90, RDI=0x000000001e8fd620
R8 =0x000000001e8fd258, R9 =0x0000000000000000, R10=0x0000000000000000, R11=0x0000000000000246
R12=0x0000000000350b4e, R13=0x0000000000000401, R14=0x0000000000000000, R15=0x0000000000000000
RIP=0x00000000634fab4a, EFLAGS=0x0000000000010202

Top of Stack: (sp=0x000000001e8fd2e0)
0x000000001e8fd2e0:   0000000000000578 000000001e8fd201
0x000000001e8fd2f0:   000000000018c08d 00000000635085c0
0x000000001e8fd300:   000000001e8fd620 00000000634facca
0x000000001e8fd310:   000000001e8fd620 00000000028d3c90
0x000000001e8fd320:   000000001e8fd620 0000000000000401
0x000000001e8fd330:   0000000000000401 00000000634ea4bc
0x000000001e8fd340:   0000000000000000 000000001b497401
0x000000001e8fd350:   000000001d3ac08d 00000000639b1d6d
0x000000001e8fd360:   0000000000350b4e 00000000634e1848
0x000000001e8fd370:   000000001e8fd620 00000000028d3c90
0x000000001e8fd380:   000000001e8fd620 0000000000000401
0x000000001e8fd390:   0000000000000000 00007ffdab2db85d
0x000000001e8fd3a0:   0000000000000001 000000001e8fd560
0x000000001e8fd3b0:   0000000000000000 0000000080006011
0x000000001e8fd3c0:   000000001e8fd610 000000001dbc0300
0x000000001e8fd3d0:   000000000481bb70 000000000482cfc0 

Instructions: (pc=0x00000000634fab4a)
0x00000000634fab2a:   48 8b 5c 24 30 48 8b 6c 24 38 48 8b 74 24 40 48
0x00000000634fab3a:   83 c4 20 5f c3 cc 48 89 5c 24 08 57 48 83 ec 20
0x00000000634fab4a:   48 8b 81 30 01 00 00 48 8b f9 48 85 c0 75 04 48
0x00000000634fab5a:   8b 41 08 48 3b 05 c4 42 02 00 75 31 e8 45 4e 00 


Register to memory mapping:

RAX=0x0000000000000000 is an unknown value
RBX=0x000000001e8fd620 is pointing into the stack for thread: 0x000000001d3a5800
RCX=0x0000000000000000 is an unknown value
RDX=0x0000000000000000 is an unknown value
RSP=0x000000001e8fd2e0 is pointing into the stack for thread: 0x000000001d3a5800
RBP=0x0000000000000000 is an unknown value
RSI=0x00000000028d3c90 is an unknown value
RDI=0x000000001e8fd620 is pointing into the stack for thread: 0x000000001d3a5800
R8 =0x000000001e8fd258 is pointing into the stack for thread: 0x000000001d3a5800
R9 =0x0000000000000000 is an unknown value
R10=0x0000000000000000 is an unknown value
R11=0x0000000000000246 is an unknown value
R12=0x0000000000350b4e is an unknown value
R13=0x0000000000000401 is an unknown value
R14=0x0000000000000000 is an unknown value
R15=0x0000000000000000 is an unknown value


Stack: [0x000000001e800000,0x000000001e900000],  sp=0x000000001e8fd2e0,  free space=1012k
Native frames: (J=compiled Java code, j=interpreted, Vv=VM code, C=native code)

Java frames: (J=compiled Java code, j=interpreted, Vv=VM code)
j  com.sun.glass.ui.win.WinWindow._close(J)Z+0
j  com.sun.glass.ui.Window.close()V+63
j  com.sun.glass.ui.win.WinWindow.close()V+8
j  com.sun.glass.ui.Application.terminate()V+75
j  com.sun.javafx.tk.quantum.QuantumToolkit.lambda$exit$405()Ljava/lang/Object;+5
j  com.sun.javafx.tk.quantum.QuantumToolkit$$Lambda$337.get()Ljava/lang/Object;+0
j  com.sun.javafx.tk.quantum.QuantumToolkit.runWithRenderLock(Ljava/util/function/Supplier;)Ljava/lang/Object;+7
j  com.sun.javafx.tk.quantum.QuantumToolkit.exit()V+26
j  com.sun.javafx.application.PlatformImpl.lambda$tkExit$177()V+3
j  com.sun.javafx.application.PlatformImpl$$Lambda$336.run()V+0
j  com.sun.javafx.application.PlatformImpl.lambda$runAndWait$174(Ljava/lang/Runnable;Ljava/util/concurrent/CountDownLatch;)V+1
j  com.sun.javafx.application.PlatformImpl$$Lambda$47.run()V+8
j  com.sun.javafx.application.PlatformImpl.lambda$null$172(Ljava/lang/Runnable;)Ljava/lang/Void;+1
j  com.sun.javafx.application.PlatformImpl$$Lambda$49.run()Ljava/lang/Object;+4
v  ~StubRoutines::call_stub
J 3673  java.security.AccessController.doPrivileged(Ljava/security/PrivilegedAction;Ljava/security/AccessControlContext;)Ljava/lang/Object; (0 bytes) @ 0x0000000005547d26 [0x0000000005547cc0+0x66]
j  com.sun.javafx.application.PlatformImpl.lambda$runLater$173(Ljava/lang/Runnable;Ljava/security/AccessControlContext;)V+7
j  com.sun.javafx.application.PlatformImpl$$Lambda$48.run()V+8
J 4248 C1 com.sun.glass.ui.InvokeLaterDispatcher$Future.run()V (91 bytes) @ 0x000000000577a414 [0x000000000577a300+0x114]
v  ~StubRoutines::call_stub
j  com.sun.glass.ui.win.WinApplication._runLoop(Ljava/lang/Runnable;)V+0
j  com.sun.glass.ui.win.WinApplication.lambda$null$147(ILjava/lang/Runnable;)V+8
j  com.sun.glass.ui.win.WinApplication$$Lambda$37.run()V+12
j  java.lang.Thread.run()V+11
v  ~StubRoutines::call_stub

---------------  P R O C E S S  ---------------

Java Threads: ( => current thread )
  0x00000000216e7000 JavaThread "Prism Font Disposer" daemon [_thread_blocked, id=12576, stack(0x0000000024220000,0x0000000024320000)]
  0x000000001dd07800 JavaThread "Abandoned connection cleanup thread" daemon [_thread_blocked, id=7284, stack(0x0000000020ba0000,0x0000000020ca0000)]
  0x000000001dbe1000 JavaThread "Thread-3" daemon [_thread_in_native, id=13324, stack(0x00000000209a0000,0x0000000020aa0000)]
  0x000000001dbdf800 JavaThread "JavaFX-Launcher" [_thread_blocked, id=8756, stack(0x0000000020aa0000,0x0000000020ba0000)]
=>0x000000001d3a5800 JavaThread "JavaFX Application Thread" [_thread_in_native, id=12536, stack(0x000000001e800000,0x000000001e900000)]
  0x000000001d3a4800 JavaThread "Thread-1" daemon [_thread_blocked, id=5024, stack(0x000000001e700000,0x000000001e800000)]
  0x000000001d380000 JavaThread "QuantumRenderer-0" daemon [_thread_blocked, id=6756, stack(0x000000001e370000,0x000000001e470000)]
  0x000000001d0c0800 JavaThread "Service Thread" daemon [_thread_blocked, id=11668, stack(0x000000001d7c0000,0x000000001d8c0000)]
  0x000000001d090000 JavaThread "C1 CompilerThread2" daemon [_thread_blocked, id=5364, stack(0x000000001d6c0000,0x000000001d7c0000)]
  0x000000001d08e000 JavaThread "C2 CompilerThread1" daemon [_thread_blocked, id=12388, stack(0x000000001d5c0000,0x000000001d6c0000)]
  0x000000001d08b000 JavaThread "C2 CompilerThread0" daemon [_thread_blocked, id=5552, stack(0x000000001d4c0000,0x000000001d5c0000)]
  0x000000001cffa800 JavaThread "Monitor Ctrl-Break" daemon [_thread_in_native, id=4596, stack(0x000000001d3c0000,0x000000001d4c0000)]
  0x000000001b94b000 JavaThread "Attach Listener" daemon [_thread_blocked, id=10848, stack(0x000000001cec0000,0x000000001cfc0000)]
  0x000000001b949800 JavaThread "Signal Dispatcher" daemon [_thread_blocked, id=13668, stack(0x000000001cdc0000,0x000000001cec0000)]
  0x00000000048c8800 JavaThread "Finalizer" daemon [_thread_blocked, id=10236, stack(0x000000001cba0000,0x000000001cca0000)]
  0x00000000048c3000 JavaThread "Reference Handler" daemon [_thread_blocked, id=13524, stack(0x000000001caa0000,0x000000001cba0000)]
  0x00000000047d2800 JavaThread "main" [_thread_blocked, id=9460, stack(0x0000000004540000,0x0000000004640000)]

Other Threads:
  0x000000001b906800 VMThread [stack: 0x000000001c9a0000,0x000000001caa0000] [id=768]
  0x000000001b99a000 WatcherThread [stack: 0x000000001d8c0000,0x000000001d9c0000] [id=10600]

VM state:not at safepoint (normal execution)

VM Mutex/Monitor currently owned by a thread: None

Heap:
 PSYoungGen      total 57344K, used 20657K [0x0000000780a00000, 0x0000000785980000, 0x00000007c0000000)
  eden space 49152K, 25% used [0x0000000780a00000,0x000000078162c7e8,0x0000000783a00000)
  from space 8192K, 100% used [0x0000000783a00000,0x0000000784200000,0x0000000784200000)
  to   space 8192K, 0% used [0x0000000785180000,0x0000000785180000,0x0000000785980000)
 ParOldGen       total 87552K, used 17358K [0x0000000701e00000, 0x0000000707380000, 0x0000000780a00000)
  object space 87552K, 19% used [0x0000000701e00000,0x0000000702ef3af8,0x0000000707380000)
 Metaspace       used 24015K, capacity 25478K, committed 25600K, reserved 1071104K
  class space    used 3248K, capacity 3522K, committed 3584K, reserved 1048576K

Card table byte_map: [0x0000000013c90000,0x0000000014290000] byte_map_base: 0x0000000010481000

Marking Bits: (ParMarkBitMap*) 0x000000006410f860
 Begin Bits: [0x0000000014a90000, 0x0000000017a18000)
 End Bits:   [0x0000000017a18000, 0x000000001a9a0000)

Polling page: 0x0000000002d10000

CodeCache: size=245760Kb used=15179Kb max_used=15191Kb free=230580Kb
 bounds [0x00000000048d0000, 0x00000000057b0000, 0x00000000138d0000]
 total_blobs=5024 nmethods=4290 adapters=646
 compilation: enabled

Compilation events (10 events):
Event: 22.818 Thread 0x000000001d090000 4306       3       java.lang.String::valueOf (14 bytes)
Event: 22.819 Thread 0x000000001d090000 nmethod 4306 0x00000000049f7f50 code [0x00000000049f80c0, 0x00000000049f8308]
Event: 22.819 Thread 0x000000001d08b000 nmethod 4300 0x00000000057ac150 code [0x00000000057ac300, 0x00000000057ad260]
Event: 22.819 Thread 0x000000001d08b000 4304   !   4       java.io.BufferedWriter::write (117 bytes)
Event: 22.819 Thread 0x000000001d090000 4308       3       java.io.PrintWriter::ensureOpen (18 bytes)
Event: 22.819 Thread 0x000000001d090000 nmethod 4308 0x00000000049e6150 code [0x00000000049e62c0, 0x00000000049e6508]
Event: 22.820 Thread 0x000000001d090000 4307       1       java.lang.StackTraceElement::getClassName (5 bytes)
Event: 22.820 Thread 0x000000001d090000 nmethod 4307 0x00000000049f7c90 code [0x00000000049f7de0, 0x00000000049f7ef0]
Event: 22.826 Thread 0x000000001d08b000 nmethod 4304 0x00000000049e5550 code [0x00000000049e56a0, 0x00000000049e5d28]
Event: 22.826 Thread 0x000000001d08b000 4303 %     4       sun.nio.cs.UTF_8$Encoder::encodeArrayLoop @ 73 (489 bytes)

GC Heap History (8 events):
Event: 2.924 GC heap before
{Heap before GC invocations=1 (full 0):
 PSYoungGen      total 57344K, used 49152K [0x0000000780a00000, 0x0000000784a00000, 0x00000007c0000000)
  eden space 49152K, 100% used [0x0000000780a00000,0x0000000783a00000,0x0000000783a00000)
  from space 8192K, 0% used [0x0000000784200000,0x0000000784200000,0x0000000784a00000)
  to   space 8192K, 0% used [0x0000000783a00000,0x0000000783a00000,0x0000000784200000)
 ParOldGen       total 131072K, used 0K [0x0000000701e00000, 0x0000000709e00000, 0x0000000780a00000)
  object space 131072K, 0% used [0x0000000701e00000,0x0000000701e00000,0x0000000709e00000)
 Metaspace       used 16405K, capacity 16884K, committed 17152K, reserved 1064960K
  class space    used 2122K, capacity 2245K, committed 2304K, reserved 1048576K
Event: 2.943 GC heap after
Heap after GC invocations=1 (full 0):
 PSYoungGen      total 57344K, used 6736K [0x0000000780a00000, 0x0000000784a00000, 0x00000007c0000000)
  eden space 49152K, 0% used [0x0000000780a00000,0x0000000780a00000,0x0000000783a00000)
  from space 8192K, 82% used [0x0000000783a00000,0x00000007840940f8,0x0000000784200000)
  to   space 8192K, 0% used [0x0000000784200000,0x0000000784200000,0x0000000784a00000)
 ParOldGen       total 131072K, used 72K [0x0000000701e00000, 0x0000000709e00000, 0x0000000780a00000)
  object space 131072K, 0% used [0x0000000701e00000,0x0000000701e12010,0x0000000709e00000)
 Metaspace       used 16405K, capacity 16884K, committed 17152K, reserved 1064960K
  class space    used 2122K, capacity 2245K, committed 2304K, reserved 1048576K
}
Event: 4.195 GC heap before
{Heap before GC invocations=2 (full 0):
 PSYoungGen      total 57344K, used 28762K [0x0000000780a00000, 0x0000000784a00000, 0x00000007c0000000)
  eden space 49152K, 44% used [0x0000000780a00000,0x0000000781f82a28,0x0000000783a00000)
  from space 8192K, 82% used [0x0000000783a00000,0x00000007840940f8,0x0000000784200000)
  to   space 8192K, 0% used [0x0000000784200000,0x0000000784200000,0x0000000784a00000)
 ParOldGen       total 131072K, used 72K [0x0000000701e00000, 0x0000000709e00000, 0x0000000780a00000)
  object space 131072K, 0% used [0x0000000701e00000,0x0000000701e12010,0x0000000709e00000)
 Metaspace       used 20140K, capacity 21152K, committed 21296K, reserved 1067008K
  class space    used 2783K, capacity 2969K, committed 3072K, reserved 1048576K
Event: 4.211 GC heap after
Heap after GC invocations=2 (full 0):
 PSYoungGen      total 57344K, used 7232K [0x0000000780a00000, 0x0000000784a00000, 0x00000007c0000000)
  eden space 49152K, 0% used [0x0000000780a00000,0x0000000780a00000,0x0000000783a00000)
  from space 8192K, 88% used [0x0000000784200000,0x0000000784910080,0x0000000784a00000)
  to   space 8192K, 0% used [0x0000000783a00000,0x0000000783a00000,0x0000000784200000)
 ParOldGen       total 131072K, used 80K [0x0000000701e00000, 0x0000000709e00000, 0x0000000780a00000)
  object space 131072K, 0% used [0x0000000701e00000,0x0000000701e14010,0x0000000709e00000)
 Metaspace       used 20140K, capacity 21152K, committed 21296K, reserved 1067008K
  class space    used 2783K, capacity 2969K, committed 3072K, reserved 1048576K
}
Event: 4.211 GC heap before
{Heap before GC invocations=3 (full 1):
 PSYoungGen      total 57344K, used 7232K [0x0000000780a00000, 0x0000000784a00000, 0x00000007c0000000)
  eden space 49152K, 0% used [0x0000000780a00000,0x0000000780a00000,0x0000000783a00000)
  from space 8192K, 88% used [0x0000000784200000,0x0000000784910080,0x0000000784a00000)
  to   space 8192K, 0% used [0x0000000783a00000,0x0000000783a00000,0x0000000784200000)
 ParOldGen       total 131072K, used 80K [0x0000000701e00000, 0x0000000709e00000, 0x0000000780a00000)
  object space 131072K, 0% used [0x0000000701e00000,0x0000000701e14010,0x0000000709e00000)
 Metaspace       used 20140K, capacity 21152K, committed 21296K, reserved 1067008K
  class space    used 2783K, capacity 2969K, committed 3072K, reserved 1048576K
Event: 4.275 GC heap after
Heap after GC invocations=3 (full 1):
 PSYoungGen      total 57344K, used 0K [0x0000000780a00000, 0x0000000784a00000, 0x00000007c0000000)
  eden space 49152K, 0% used [0x0000000780a00000,0x0000000780a00000,0x0000000783a00000)
  from space 8192K, 0% used [0x0000000784200000,0x0000000784200000,0x0000000784a00000)
  to   space 8192K, 0% used [0x0000000783a00000,0x0000000783a00000,0x0000000784200000)
 ParOldGen       total 87552K, used 7223K [0x0000000701e00000, 0x0000000707380000, 0x0000000780a00000)
  object space 87552K, 8% used [0x0000000701e00000,0x000000070250df58,0x0000000707380000)
 Metaspace       used 20140K, capacity 21152K, committed 21296K, reserved 1067008K
  class space    used 2783K, capacity 2969K, committed 3072K, reserved 1048576K
}
Event: 12.296 GC heap before
{Heap before GC invocations=4 (full 1):
 PSYoungGen      total 57344K, used 49152K [0x0000000780a00000, 0x0000000784a00000, 0x00000007c0000000)
  eden space 49152K, 100% used [0x0000000780a00000,0x0000000783a00000,0x0000000783a00000)
  from space 8192K, 0% used [0x0000000784200000,0x0000000784200000,0x0000000784a00000)
  to   space 8192K, 0% used [0x0000000783a00000,0x0000000783a00000,0x0000000784200000)
 ParOldGen       total 87552K, used 7223K [0x0000000701e00000, 0x0000000707380000, 0x0000000780a00000)
  object space 87552K, 8% used [0x0000000701e00000,0x000000070250df58,0x0000000707380000)
 Metaspace       used 23296K, capacity 24656K, committed 24960K, reserved 1071104K
  class space    used 3156K, capacity 3419K, committed 3456K, reserved 1048576K
Event: 12.320 GC heap after
Heap after GC invocations=4 (full 1):
 PSYoungGen      total 57344K, used 8192K [0x0000000780a00000, 0x0000000785980000, 0x00000007c0000000)
  eden space 49152K, 0% used [0x0000000780a00000,0x0000000780a00000,0x0000000783a00000)
  from space 8192K, 100% used [0x0000000783a00000,0x0000000784200000,0x0000000784200000)
  to   space 8192K, 0% used [0x0000000785180000,0x0000000785180000,0x0000000785980000)
 ParOldGen       total 87552K, used 17358K [0x0000000701e00000, 0x0000000707380000, 0x0000000780a00000)
  object space 87552K, 19% used [0x0000000701e00000,0x0000000702ef3af8,0x0000000707380000)
 Metaspace       used 23296K, capacity 24656K, committed 24960K, reserved 1071104K
  class space    used 3156K, capacity 3419K, committed 3456K, reserved 1048576K
}

Deoptimization events (10 events):
Event: 13.181 Thread 0x000000001d3a5800 Uncommon trap: reason=bimorphic action=maybe_recompile pc=0x000000000530ccf4 method=javafx.beans.property.StringPropertyBase.get()Ljava/lang/String; @ 23
Event: 13.181 Thread 0x000000001d3a5800 Uncommon trap: reason=bimorphic action=maybe_recompile pc=0x0000000005334c94 method=javafx.beans.property.StringPropertyBase.get()Ljava/lang/String; @ 23
Event: 13.182 Thread 0x000000001d3a5800 Uncommon trap: reason=bimorphic action=maybe_recompile pc=0x0000000005220294 method=javafx.beans.property.StringPropertyBase.get()Ljava/lang/String; @ 23
Event: 13.182 Thread 0x000000001d3a5800 Uncommon trap: reason=unstable_if action=reinterpret pc=0x000000000518e6c4 method=javafx.scene.CssStyleHelper.lookupInheritedFontProperty(Ljavafx/css/Styleable;Ljava/lang/String;Lcom/sun/javafx/css/StyleMap;ILcom/sun/javafx/css/CascadingStyle;)Lcom/sun/ja
Event: 13.183 Thread 0x000000001d3a5800 Uncommon trap: reason=unstable_if action=reinterpret pc=0x000000000501b818 method=javafx.scene.CssStyleHelper.resolveRef(Ljavafx/css/Styleable;Ljava/lang/String;Lcom/sun/javafx/css/StyleMap;Ljava/util/Set;)Lcom/sun/javafx/css/CascadingStyle; @ 66
Event: 13.209 Thread 0x000000001d3a5800 Uncommon trap: reason=class_check action=maybe_recompile pc=0x00000000054f2d68 method=javafx.scene.Node.updateLocalToParentTransform()V @ 11
Event: 13.210 Thread 0x000000001d3a5800 Uncommon trap: reason=class_check action=maybe_recompile pc=0x00000000054f2d68 method=javafx.scene.Node.updateLocalToParentTransform()V @ 11
Event: 13.210 Thread 0x000000001d3a5800 Uncommon trap: reason=class_check action=maybe_recompile pc=0x00000000054f2d68 method=javafx.scene.Node.updateLocalToParentTransform()V @ 11
Event: 13.211 Thread 0x000000001d3a5800 Uncommon trap: reason=class_check action=maybe_recompile pc=0x00000000054f2d68 method=javafx.scene.Node.updateLocalToParentTransform()V @ 11
Event: 19.902 Thread 0x000000001d3a5800 Uncommon trap: reason=unstable_if action=reinterpret pc=0x00000000056ee798 method=com.sun.javafx.geom.RoundRectangle2D.contains(FF)Z @ 54

Classes redefined (0 events):
No events

Internal exceptions (10 events):
Event: 2.631 Thread 0x000000001d3a5800 Exception <a 'java/lang/ArrayIndexOutOfBoundsException'> (0x000000078363cba8) thrown at [C:\re\workspace\8-2-build-windows-amd64-cygwin\jdk8u161\10277\hotspot\src\share\vm\runtime\sharedRuntime.cpp, line 605]
Event: 2.869 Thread 0x000000001d3a5800 Exception <a 'java/lang/ArrayIndexOutOfBoundsException'> (0x00000007838b43f0) thrown at [C:\re\workspace\8-2-build-windows-amd64-cygwin\jdk8u161\10277\hotspot\src\share\vm\runtime\sharedRuntime.cpp, line 605]
Event: 2.970 Thread 0x000000001d3a5800 Exception <a 'java/lang/ArrayIndexOutOfBoundsException'> (0x0000000780b22de8) thrown at [C:\re\workspace\8-2-build-windows-amd64-cygwin\jdk8u161\10277\hotspot\src\share\vm\runtime\sharedRuntime.cpp, line 605]
Event: 2.977 Thread 0x000000001d3a5800 Exception <a 'java/lang/ArrayIndexOutOfBoundsException'> (0x0000000780b96020) thrown at [C:\re\workspace\8-2-build-windows-amd64-cygwin\jdk8u161\10277\hotspot\src\share\vm\runtime\sharedRuntime.cpp, line 605]
Event: 4.593 Thread 0x000000001d3a5800 Implicit null exception at 0x0000000004fc0731 to 0x0000000004fc0cc5
Event: 13.156 Thread 0x000000001d3a5800 Implicit null exception at 0x00000000054b0878 to 0x00000000054b7ffd
Event: 13.157 Thread 0x000000001d3a5800 Implicit null exception at 0x0000000005491dd4 to 0x0000000005494501
Event: 13.214 Thread 0x000000001d3a5800 Exception <a 'java/lang/IllegalArgumentException': argument type mismatch> (0x0000000780f2c8f8) thrown at [C:\re\workspace\8-2-build-windows-amd64-cygwin\jdk8u161\10277\hotspot\src\share\vm\runtime\reflection.cpp, line 1064]
Event: 13.215 Thread 0x000000001d3a5800 Exception <a 'java/lang/IllegalArgumentException'> (0x0000000780f2c8f8) thrown at [C:\re\workspace\8-2-build-windows-amd64-cygwin\jdk8u161\10277\hotspot\src\share\vm\prims\jvm.cpp, line 1394]
Event: 22.786 Thread 0x000000001d3a5800 Exception <a 'java/lang/NullPointerException'> (0x00000007814194c8) thrown at [C:\re\workspace\8-2-build-windows-amd64-cygwin\jdk8u161\10277\hotspot\src\share\vm\prims\jvm.cpp, line 1394]

Events (10 events):
Event: 22.781 loading class com/sun/prism/GraphicsResource
Event: 22.781 loading class com/sun/prism/GraphicsResource done
Event: 22.782 loading class com/sun/javafx/tk/quantum/ViewScene
Event: 22.782 loading class com/sun/javafx/tk/quantum/ViewScene done
Event: 22.783 loading class com/sun/javafx/tk/quantum/WindowStage
Event: 22.783 loading class com/sun/javafx/tk/quantum/WindowStage done
Event: 22.831 loading class javafx/application/Application
Event: 22.831 loading class javafx/application/Application done
Event: 22.832 loading class javafx/application/Application
Event: 22.832 loading class javafx/application/Application done


Dynamic libraries:
0x00007ff6072c0000 - 0x00007ff6072f7000 	C:\Program Files\Java\jdk1.8.0_161\bin\java.exe
0x00007ffdad950000 - 0x00007ffdadb30000 	C:\WINDOWS\SYSTEM32\ntdll.dll
0x00007ffdaae20000 - 0x00007ffdaaece000 	C:\WINDOWS\System32\KERNEL32.DLL
0x00007ffdaa860000 - 0x00007ffdaaac6000 	C:\WINDOWS\System32\KERNELBASE.dll
0x00007ffdab5c0000 - 0x00007ffdab661000 	C:\WINDOWS\System32\ADVAPI32.dll
0x00007ffdad880000 - 0x00007ffdad91d000 	C:\WINDOWS\System32\msvcrt.dll
0x00007ffdac070000 - 0x00007ffdac0cb000 	C:\WINDOWS\System32\sechost.dll
0x00007ffdab8b0000 - 0x00007ffdab9cf000 	C:\WINDOWS\System32\RPCRT4.dll
0x00007ffdab2d0000 - 0x00007ffdab45f000 	C:\WINDOWS\System32\USER32.dll
0x00007ffdaae00000 - 0x00007ffdaae20000 	C:\WINDOWS\System32\win32u.dll
0x00007ffdab2a0000 - 0x00007ffdab2c8000 	C:\WINDOWS\System32\GDI32.dll
0x00007ffda9ed0000 - 0x00007ffdaa063000 	C:\WINDOWS\System32\gdi32full.dll
0x00007ffdaa7c0000 - 0x00007ffdaa85b000 	C:\WINDOWS\System32\msvcp_win.dll
0x00007ffda9dd0000 - 0x00007ffda9ec6000 	C:\WINDOWS\System32\ucrtbase.dll
0x00007ffda06d0000 - 0x00007ffda0939000 	C:\WINDOWS\WinSxS\amd64_microsoft.windows.common-controls_6595b64144ccf1df_6.0.16299.309_none_15cfd4c4935e6b11\COMCTL32.dll
0x00007ffdad570000 - 0x00007ffdad878000 	C:\WINDOWS\System32\combase.dll
0x00007ffda9d50000 - 0x00007ffda9dc2000 	C:\WINDOWS\System32\bcryptPrimitives.dll
0x00007ffdab530000 - 0x00007ffdab55d000 	C:\WINDOWS\System32\IMM32.DLL
0x0000000064190000 - 0x0000000064262000 	C:\Program Files\Java\jdk1.8.0_161\jre\bin\msvcr100.dll
0x00000000638f0000 - 0x000000006418f000 	C:\Program Files\Java\jdk1.8.0_161\jre\bin\server\jvm.dll
0x00007ffdab800000 - 0x00007ffdab808000 	C:\WINDOWS\System32\PSAPI.DLL
0x00007ffda8130000 - 0x00007ffda8139000 	C:\WINDOWS\SYSTEM32\WSOCK32.dll
0x00007ffdab790000 - 0x00007ffdab7fc000 	C:\WINDOWS\System32\WS2_32.dll
0x00007ffda0ce0000 - 0x00007ffda0cea000 	C:\WINDOWS\SYSTEM32\VERSION.dll
0x00007ffda7f50000 - 0x00007ffda7f73000 	C:\WINDOWS\SYSTEM32\WINMM.dll
0x00007ffda7ef0000 - 0x00007ffda7f1a000 	C:\WINDOWS\SYSTEM32\winmmbase.dll
0x00007ffdaadb0000 - 0x00007ffdaadfa000 	C:\WINDOWS\System32\cfgmgr32.dll
0x00000000653e0000 - 0x00000000653ef000 	C:\Program Files\Java\jdk1.8.0_161\jre\bin\verify.dll
0x00000000653b0000 - 0x00000000653d9000 	C:\Program Files\Java\jdk1.8.0_161\jre\bin\java.dll
0x0000000063560000 - 0x0000000063583000 	C:\Program Files\Java\jdk1.8.0_161\jre\bin\instrument.dll
0x0000000065390000 - 0x00000000653a6000 	C:\Program Files\Java\jdk1.8.0_161\jre\bin\zip.dll
0x00007ffdac130000 - 0x00007ffdad566000 	C:\WINDOWS\System32\SHELL32.dll
0x00007ffdaaed0000 - 0x00007ffdaaf76000 	C:\WINDOWS\System32\shcore.dll
0x00007ffdaa070000 - 0x00007ffdaa7b7000 	C:\WINDOWS\System32\windows.storage.dll
0x00007ffdabb40000 - 0x00007ffdabb91000 	C:\WINDOWS\System32\shlwapi.dll
0x00007ffda9cf0000 - 0x00007ffda9d01000 	C:\WINDOWS\System32\kernel.appcore.dll
0x00007ffda9ca0000 - 0x00007ffda9cec000 	C:\WINDOWS\System32\powrprof.dll
0x00007ffda9d10000 - 0x00007ffda9d2b000 	C:\WINDOWS\System32\profapi.dll
0x00007ffda0530000 - 0x00007ffda054a000 	C:\Program Files\JetBrains\IntelliJ IDEA 2017.2.5\bin\breakgen64.dll
0x00000000638d0000 - 0x00000000638ea000 	C:\Program Files\Java\jdk1.8.0_161\jre\bin\net.dll
0x00007ffda94d0000 - 0x00007ffda9536000 	C:\WINDOWS\system32\mswsock.dll
0x00000000044e0000 - 0x00000000044e3000 	C:\Program Files\Java\jdk1.8.0_161\jre\bin\api-ms-win-core-console-l1-1-0.dll
0x00000000044f0000 - 0x00000000044f3000 	C:\Program Files\Java\jdk1.8.0_161\jre\bin\api-ms-win-core-datetime-l1-1-0.dll
0x0000000004500000 - 0x0000000004503000 	C:\Program Files\Java\jdk1.8.0_161\jre\bin\api-ms-win-core-debug-l1-1-0.dll
0x0000000004510000 - 0x0000000004513000 	C:\Program Files\Java\jdk1.8.0_161\jre\bin\api-ms-win-core-errorhandling-l1-1-0.dll
0x0000000004520000 - 0x0000000004524000 	C:\Program Files\Java\jdk1.8.0_161\jre\bin\api-ms-win-core-file-l1-1-0.dll
0x0000000004740000 - 0x0000000004743000 	C:\Program Files\Java\jdk1.8.0_161\jre\bin\api-ms-win-core-file-l1-2-0.dll
0x0000000004750000 - 0x0000000004753000 	C:\Program Files\Java\jdk1.8.0_161\jre\bin\api-ms-win-core-file-l2-1-0.dll
0x0000000004760000 - 0x0000000004763000 	C:\Program Files\Java\jdk1.8.0_161\jre\bin\api-ms-win-core-handle-l1-1-0.dll
0x0000000004770000 - 0x0000000004773000 	C:\Program Files\Java\jdk1.8.0_161\jre\bin\api-ms-win-core-heap-l1-1-0.dll
0x0000000004780000 - 0x0000000004783000 	C:\Program Files\Java\jdk1.8.0_161\jre\bin\api-ms-win-core-interlocked-l1-1-0.dll
0x0000000004790000 - 0x0000000004793000 	C:\Program Files\Java\jdk1.8.0_161\jre\bin\api-ms-win-core-libraryloader-l1-1-0.dll
0x00000000047a0000 - 0x00000000047a3000 	C:\Program Files\Java\jdk1.8.0_161\jre\bin\api-ms-win-core-localization-l1-2-0.dll
0x00000000047b0000 - 0x00000000047b3000 	C:\Program Files\Java\jdk1.8.0_161\jre\bin\api-ms-win-core-memory-l1-1-0.dll
0x000000001d9c0000 - 0x000000001d9c3000 	C:\Program Files\Java\jdk1.8.0_161\jre\bin\api-ms-win-core-namedpipe-l1-1-0.dll
0x000000001d9d0000 - 0x000000001d9d3000 	C:\Program Files\Java\jdk1.8.0_161\jre\bin\api-ms-win-core-processenvironment-l1-1-0.dll
0x000000001d9e0000 - 0x000000001d9e3000 	C:\Program Files\Java\jdk1.8.0_161\jre\bin\api-ms-win-core-processthreads-l1-1-0.dll
0x000000001d9f0000 - 0x000000001d9f3000 	C:\Program Files\Java\jdk1.8.0_161\jre\bin\api-ms-win-core-processthreads-l1-1-1.dll
0x000000001da00000 - 0x000000001da03000 	C:\Program Files\Java\jdk1.8.0_161\jre\bin\api-ms-win-core-profile-l1-1-0.dll
0x000000001da10000 - 0x000000001da13000 	C:\Program Files\Java\jdk1.8.0_161\jre\bin\api-ms-win-core-rtlsupport-l1-1-0.dll
0x000000001da20000 - 0x000000001da23000 	C:\Program Files\Java\jdk1.8.0_161\jre\bin\api-ms-win-core-string-l1-1-0.dll
0x000000001da30000 - 0x000000001da33000 	C:\Program Files\Java\jdk1.8.0_161\jre\bin\api-ms-win-core-synch-l1-1-0.dll
0x000000001da40000 - 0x000000001da43000 	C:\Program Files\Java\jdk1.8.0_161\jre\bin\api-ms-win-core-synch-l1-2-0.dll
0x000000001da50000 - 0x000000001da53000 	C:\Program Files\Java\jdk1.8.0_161\jre\bin\api-ms-win-core-sysinfo-l1-1-0.dll
0x000000001da60000 - 0x000000001da63000 	C:\Program Files\Java\jdk1.8.0_161\jre\bin\api-ms-win-core-timezone-l1-1-0.dll
0x000000001da70000 - 0x000000001da73000 	C:\Program Files\Java\jdk1.8.0_161\jre\bin\api-ms-win-core-util-l1-1-0.dll
0x000000001da80000 - 0x000000001da83000 	C:\Program Files\Java\jdk1.8.0_161\jre\bin\api-ms-win-crt-conio-l1-1-0.dll
0x000000001da90000 - 0x000000001da94000 	C:\Program Files\Java\jdk1.8.0_161\jre\bin\api-ms-win-crt-convert-l1-1-0.dll
0x000000001daa0000 - 0x000000001daa3000 	C:\Program Files\Java\jdk1.8.0_161\jre\bin\api-ms-win-crt-environment-l1-1-0.dll
0x000000001dab0000 - 0x000000001dab3000 	C:\Program Files\Java\jdk1.8.0_161\jre\bin\api-ms-win-crt-filesystem-l1-1-0.dll
0x000000001dac0000 - 0x000000001dac3000 	C:\Program Files\Java\jdk1.8.0_161\jre\bin\api-ms-win-crt-heap-l1-1-0.dll
0x000000001dad0000 - 0x000000001dad3000 	C:\Program Files\Java\jdk1.8.0_161\jre\bin\api-ms-win-crt-locale-l1-1-0.dll
0x000000001dae0000 - 0x000000001dae5000 	C:\Program Files\Java\jdk1.8.0_161\jre\bin\api-ms-win-crt-math-l1-1-0.dll
0x000000001daf0000 - 0x000000001daf5000 	C:\Program Files\Java\jdk1.8.0_161\jre\bin\api-ms-win-crt-multibyte-l1-1-0.dll
0x000000001db00000 - 0x000000001db10000 	C:\Program Files\Java\jdk1.8.0_161\jre\bin\api-ms-win-crt-private-l1-1-0.dll
0x000000001db10000 - 0x000000001db13000 	C:\Program Files\Java\jdk1.8.0_161\jre\bin\api-ms-win-crt-process-l1-1-0.dll
0x000000001db20000 - 0x000000001db24000 	C:\Program Files\Java\jdk1.8.0_161\jre\bin\api-ms-win-crt-runtime-l1-1-0.dll
0x000000001db30000 - 0x000000001db34000 	C:\Program Files\Java\jdk1.8.0_161\jre\bin\api-ms-win-crt-stdio-l1-1-0.dll
0x000000001db40000 - 0x000000001db44000 	C:\Program Files\Java\jdk1.8.0_161\jre\bin\api-ms-win-crt-string-l1-1-0.dll
0x000000001db50000 - 0x000000001db53000 	C:\Program Files\Java\jdk1.8.0_161\jre\bin\api-ms-win-crt-time-l1-1-0.dll
0x000000001db60000 - 0x000000001db63000 	C:\Program Files\Java\jdk1.8.0_161\jre\bin\api-ms-win-crt-utility-l1-1-0.dll
0x00007ffd719f0000 - 0x00007ffd71ae6000 	C:\Program Files\Java\jdk1.8.0_161\jre\bin\ucrtbase.dll
0x00007ffd71990000 - 0x00007ffd719e1000 	C:\Program Files\Java\jdk1.8.0_161\jre\bin\concrt140.dll
0x00007ffd8c5d0000 - 0x00007ffd8c67a000 	C:\WINDOWS\SYSTEM32\MSVCP140.dll
0x00007ffd9b6f0000 - 0x00007ffd9b706000 	C:\WINDOWS\SYSTEM32\VCRUNTIME140.dll
0x00007ffd99110000 - 0x00007ffd99126000 	C:\Program Files\Java\jdk1.8.0_161\jre\bin\vcruntime140.dll
0x00007ffd69720000 - 0x00007ffd697bc000 	C:\Program Files\Java\jdk1.8.0_161\jre\bin\msvcp140.dll
0x0000000063530000 - 0x0000000063553000 	C:\Program Files\Java\jdk1.8.0_161\jre\bin\prism_d3d.dll
0x00007ffd82a40000 - 0x00007ffd82bd5000 	C:\WINDOWS\system32\d3d9.dll
0x00007ffda8540000 - 0x00007ffda856a000 	C:\WINDOWS\SYSTEM32\dwmapi.dll
0x00007ffda8470000 - 0x00007ffda8505000 	C:\WINDOWS\system32\uxtheme.dll
0x00007ffd500c0000 - 0x00007ffd50b2e000 	C:\WINDOWS\SYSTEM32\igdumdim64.dll
0x00007ffd99af0000 - 0x00007ffd99f54000 	C:\WINDOWS\SYSTEM32\igdusc64.dll
0x00000000634e0000 - 0x0000000063529000 	C:\Program Files\Java\jdk1.8.0_161\jre\bin\glass.dll
0x00007ffdab670000 - 0x00007ffdab77a000 	C:\WINDOWS\System32\COMDLG32.dll
0x00007ffdaaf90000 - 0x00007ffdab0d9000 	C:\WINDOWS\System32\ole32.dll
0x00007ffdab460000 - 0x00007ffdab525000 	C:\WINDOWS\System32\OLEAUT32.dll
0x00007ffdab9d0000 - 0x00007ffdabb37000 	C:\WINDOWS\System32\MSCTF.dll
0x00007ffda92a0000 - 0x00007ffda9356000 	C:\WINDOWS\SYSTEM32\DNSAPI.dll
0x00007ffdaaf80000 - 0x00007ffdaaf88000 	C:\WINDOWS\System32\NSI.dll
0x00007ffda9260000 - 0x00007ffda9299000 	C:\WINDOWS\SYSTEM32\IPHLPAPI.DLL
0x00007ffda21f0000 - 0x00007ffda21fa000 	C:\Windows\System32\rasadhlp.dll
0x00007ffda2760000 - 0x00007ffda27d0000 	C:\WINDOWS\System32\fwpuclnt.dll
0x00007ffda97a0000 - 0x00007ffda97c5000 	C:\WINDOWS\SYSTEM32\bcrypt.dll
0x00000000634c0000 - 0x00000000634d4000 	C:\Program Files\Java\jdk1.8.0_161\jre\bin\javafx_font.dll
0x00007ffd8f2f0000 - 0x00007ffd8f5ff000 	C:\WINDOWS\SYSTEM32\dwrite.dll
0x00007ffdab810000 - 0x00007ffdab8ae000 	C:\WINDOWS\System32\clbcatq.dll
0x00007ffd9c6f0000 - 0x00007ffd9c89b000 	C:\WINDOWS\SYSTEM32\WindowsCodecs.dll
0x00007ffd96690000 - 0x00007ffd966df000 	C:\WINDOWS\system32\dataexchange.dll
0x00007ffda7110000 - 0x00007ffda73f2000 	C:\WINDOWS\system32\d3d11.dll
0x00007ffda7aa0000 - 0x00007ffda7be2000 	C:\WINDOWS\system32\dcomp.dll
0x00007ffda8b00000 - 0x00007ffda8baf000 	C:\WINDOWS\system32\dxgi.dll
0x00007ffda86c0000 - 0x00007ffda883b000 	C:\WINDOWS\system32\twinapi.appcore.dll
0x00007ffda8660000 - 0x00007ffda8680000 	C:\WINDOWS\system32\RMCLIENT.dll
0x00007ffd83a20000 - 0x00007ffd83a54000 	C:\Program Files\Common Files\Microsoft Shared\Ink\rtscom.dll
0x00000000634a0000 - 0x00000000634b2000 	C:\Program Files\Java\jdk1.8.0_161\jre\bin\prism_common.dll
0x00007ffd97ec0000 - 0x00007ffd97f58000 	C:\WINDOWS\System32\TextInputFramework.dll
0x00007ffd9bad0000 - 0x00007ffd9bdbe000 	C:\WINDOWS\System32\CoreUIComponents.dll
0x00007ffda79c0000 - 0x00007ffda7a9c000 	C:\WINDOWS\System32\CoreMessaging.dll
0x00007ffda8dd0000 - 0x00007ffda8e01000 	C:\WINDOWS\SYSTEM32\ntmarta.dll
0x00007ffda5ef0000 - 0x00007ffda6026000 	C:\WINDOWS\SYSTEM32\wintypes.dll
0x00007ffda0350000 - 0x00007ffda0518000 	C:\WINDOWS\SYSTEM32\dbghelp.dll

VM Arguments:
jvm_args: -javaagent:C:\Program Files\JetBrains\IntelliJ IDEA 2017.2.5\lib\idea_rt.jar=56816:C:\Program Files\JetBrains\IntelliJ IDEA 2017.2.5\bin -Dfile.encoding=UTF-8 
java_command: dhbw.Main
java_class_path (initial): C:\Program Files\Java\jdk1.8.0_161\jre\lib\charsets.jar;C:\Program Files\Java\jdk1.8.0_161\jre\lib\deploy.jar;C:\Program Files\Java\jdk1.8.0_161\jre\lib\ext\access-bridge-64.jar;C:\Program Files\Java\jdk1.8.0_161\jre\lib\ext\cldrdata.jar;C:\Program Files\Java\jdk1.8.0_161\jre\lib\ext\dnsns.jar;C:\Program Files\Java\jdk1.8.0_161\jre\lib\ext\jaccess.jar;C:\Program Files\Java\jdk1.8.0_161\jre\lib\ext\jfxrt.jar;C:\Program Files\Java\jdk1.8.0_161\jre\lib\ext\localedata.jar;C:\Program Files\Java\jdk1.8.0_161\jre\lib\ext\nashorn.jar;C:\Program Files\Java\jdk1.8.0_161\jre\lib\ext\sunec.jar;C:\Program Files\Java\jdk1.8.0_161\jre\lib\ext\sunjce_provider.jar;C:\Program Files\Java\jdk1.8.0_161\jre\lib\ext\sunmscapi.jar;C:\Program Files\Java\jdk1.8.0_161\jre\lib\ext\sunpkcs11.jar;C:\Program Files\Java\jdk1.8.0_161\jre\lib\ext\zipfs.jar;C:\Program Files\Java\jdk1.8.0_161\jre\lib\javaws.jar;C:\Program Files\Java\jdk1.8.0_161\jre\lib\jce.jar;C:\Program Files\Java\jdk1.8.0_161\jre\lib\jfr.jar;C:\Program Files\Java\jdk1.8.0_161\jre\lib\jfxswt.jar;C:\Program Files\Java\jdk1.8.0_161\jre\lib\jsse.jar;C:\Program Files\Java\jdk1.8.0_161\jre\lib\management-agent.jar;C:\Program Files\Java\jdk1.8.0_161\jre\lib\plugin.jar;C:\Program Files\Java\jdk1.8.0_161\jre\lib\resources.jar;C:\Program Files\Java\jdk1.8.0_161\jre\lib\rt.jar;C:\Users\marvi\workspace\kassensystem_managerApplication\out\production\kassensystem_managerApplication;C:\Users\marvi\workspace\kassensystem_database\DatabaseSystem\out\artifacts\kassensystem_rest_jar\kassensystem_rest.jar;C:\Program Files\JetBrains\IntelliJ IDEA 2017.2.5\lib\idea_rt.jar
Launcher Type: SUN_STANDARD

Environment Variables:
PATH=C:\ProgramData\Oracle\Java\javapath;C:\WINDOWS\system32;C:\WINDOWS;C:\WINDOWS\System32\Wbem;C:\WINDOWS\System32\WindowsPowerShell\v1.0\;C:\Program Files (x86)\Windows Live\Shared;C:\Program Files\Git\cmd;C:\Program Files\Calibre2\;C:\Program Files (x86)\Skype\Phone\;C:\Program Files\MySQL\MySQL Utilities 1.6\;C:\Program Files\MATLAB\R2017b\bin;C:\Program Files (x86)\Michael R Sweet\HTMLDOC\;C:\Program Files (x86)\NVIDIA Corporation\PhysX\Common;C:\Users\marvi\AppData\Local\Microsoft\WindowsApps;C:\Users\marvi\AppData\Local\GitHubDesktop\bin;c:\program files\Modeltech_pe_edu_10.4a\win32pe_edu;%USERPROFILE%\AppData\Local\Microsoft\WindowsApps;
USERNAME=marvi
OS=Windows_NT
PROCESSOR_IDENTIFIER=Intel64 Family 6 Model 58 Stepping 9, GenuineIntel



---------------  S Y S T E M  ---------------

OS: Windows 10.0 , 64 bit Build 16299 (10.0.16299.15)

CPU:total 4 (initial active 4) (2 cores per cpu, 2 threads per core) family 6 model 58 stepping 9, cmov, cx8, fxsr, mmx, sse, sse2, sse3, ssse3, sse4.1, sse4.2, popcnt, avx, aes, clmul, erms, ht, tsc, tscinvbit, tscinv

Memory: 4k page, physical 12455192k(4537408k free), swap 14355736k(3055728k free)

vm_info: Java HotSpot(TM) 64-Bit Server VM (25.161-b12) for windows-amd64 JRE (1.8.0_161-b12), built on Dec 19 2017 17:52:25 by "java_re" with MS VC++ 10.0 (VS2010)

time: Sat Mar 17 21:52:12 2018
elapsed time: 22 seconds (0d 0h 0m 22s)

